20:58:43 INFO  : Registering command handlers for SDK TCF services
20:58:46 INFO  : Launching XSCT server: xsct.bat -interactive C:\Users\wojte\Desktop\projekt\UEC2_Project\sdk\temp_xsdb_launch_script.tcl
20:59:05 INFO  : XSCT server has started successfully.
20:59:11 INFO  : Successfully done setting XSCT server connection channel  
20:59:11 INFO  : Successfully done setting SDK workspace  
20:59:12 INFO  : Processing command line option -hwspec C:/Users/wojte/Desktop/projekt/UEC2_Project/sdk/main.hdf.
21:00:55 ERROR : (XSDB Server)ERROR: [Hsi 55-1594] Core vga_objects of version 1.0 not found in repositories

21:00:55 ERROR : (XSDB Server)ERROR: [Hsi 55-1403] C:/Users/wojte/Desktop/projekt/UEC2_Project/sdk/klocki_test_bsp/system.mss line 72 - No IP instance named vga_objects_0 present in hardware design

21:00:55 ERROR : (XSDB Server)ERROR: [Hsi 55-14
21:00:55 ERROR : (XSDB Server)52] Error: running open_sw_design.

21:00:55 ERROR :  [Common 17-39] 'hsi::open_sw_design' failed due to earlier errors.
21:00:55 ERROR : (XSDB Server)E
21:00:55 ERROR : (XSDB Server)RROR:
21:00:55 ERROR : (XSDB Server) 
21:00:55 ERROR : (XSDB Server)[Hsi 55-1594
21:00:55 ERROR : (XSDB Server)]
21:00:55 ERROR : (XSDB Server) 
21:00:55 ERROR : (XSDB Server)C
21:00:55 ERROR : (XSDB Server)ore vga_objects of version 1.0 not found in reposi
21:00:55 ERROR : (XSDB Server)tories

21:00:55 ERROR : (XSDB Server)E
21:00:55 ERROR : (XSDB Server)R
21:00:55 ERROR : (XSDB Server)ROR: [Hsi 55-1403
21:00:55 ERROR : (XSDB Server)] 
21:00:55 ERROR : (XSDB Server)C:/Users/wojte/Desktop/projekt/UEC2_Project/sdk/klocki_test_bsp/system.m
21:00:55 ERROR : (XSDB Server)ss line 72 - No IP instance named vga_objects_0 present in hardware design

21:00:55 ERROR : (XSDB Server)ERROR: [Hsi 55-1452] Error: running open_sw_design.

21:00:55 INFO  : Unable to read in MSS file C:\Users\wojte\Desktop\projekt\UEC2_Project\sdk\klocki_test_bsp\system.mss : null
21:00:55 ERROR : Failed to closesw "C:/Users/wojte/Desktop/projekt/UEC2_Project/sdk/klocki_test_bsp/system.mss"
Reason: Cannot close sw design 'C:/Users/wojte/Desktop/projekt/UEC2_Project/sdk/klocki_test_bsp/system.mss'.
Design is not opened in the current session.


21:02:56 INFO  : Registering command handlers for SDK TCF services
21:02:58 INFO  : Launching XSCT server: xsct.bat -interactive C:\Users\wojte\Desktop\projekt\UEC2_Project\sdk\temp_xsdb_launch_script.tcl
21:03:11 INFO  : XSCT server has started successfully.
21:03:16 INFO  : Successfully done setting XSCT server connection channel  
21:03:16 INFO  : Successfully done setting SDK workspace  
21:03:16 INFO  : Processing command line option -hwspec C:/Users/wojte/Desktop/projekt/UEC2_Project/sdk/main.hdf.
21:03:16 INFO  : Checking for hwspec changes in the project main_hw_platform_0.
21:04:54 INFO  : Registering command handlers for SDK TCF services
21:04:55 INFO  : Launching XSCT server: xsct.bat -interactive C:\Users\wojte\Desktop\projekt\UEC2_Project\sdk\temp_xsdb_launch_script.tcl
21:05:05 INFO  : XSCT server has started successfully.
21:05:06 INFO  : Processing command line option -hwspec C:/Users/wojte/Desktop/projekt/UEC2_Project/sdk/main.hdf.
21:05:06 INFO  : Successfully done setting XSCT server connection channel  
21:05:06 INFO  : Checking for hwspec changes in the project main_hw_platform_0.
21:05:06 INFO  : Successfully done setting SDK workspace  
